<?xml version="1.0" encoding="UTF-8"?>
<testng-results ignored="0" total="3" passed="3" failed="0" skipped="0">
  <reporter-output>
    <line>
      <![CDATA[Application Opened]]>
    </line>
    <line>
      <![CDATA[Login Completed]]>
    </line>
    <line>
      <![CDATA[Logged out from the Application]]>
    </line>
    <line>
      <![CDATA[Application Closed]]>
    </line>
    <line>
      <![CDATA[Application Opened]]>
    </line>
    <line>
      <![CDATA[Login Completed]]>
    </line>
    <line>
      <![CDATA[Assertion Attempted]]>
    </line>
    <line>
      <![CDATA[Product Located]]>
    </line>
    <line>
      <![CDATA[Logged out from the Application]]>
    </line>
    <line>
      <![CDATA[Application Closed]]>
    </line>
    <line>
      <![CDATA[Application Opened]]>
    </line>
    <line>
      <![CDATA[Login Completed]]>
    </line>
    <line>
      <![CDATA[Assertion Attempted]]>
    </line>
    <line>
      <![CDATA[Product Located]]>
    </line>
    <line>
      <![CDATA[Added to Cart]]>
    </line>
    <line>
      <![CDATA[Clicked on Cart icon]]>
    </line>
    <line>
      <![CDATA[Clicked on Checkout Button]]>
    </line>
    <line>
      <![CDATA[Entered First Name]]>
    </line>
    <line>
      <![CDATA[Entered Last Name]]>
    </line>
    <line>
      <![CDATA[Entered PIN Code]]>
    </line>
    <line>
      <![CDATA[Clicked on Continue Button]]>
    </line>
    <line>
      <![CDATA[Assertion attempted]]>
    </line>
    <line>
      <![CDATA[Clicked on Finish Button]]>
    </line>
    <line>
      <![CDATA[Logged out from the Application]]>
    </line>
    <line>
      <![CDATA[Application Closed]]>
    </line>
  </reporter-output>
  <suite started-at="2024-07-09T14:09:23 IST" name="SuiteName" finished-at="2024-07-09T14:10:55 IST" duration-ms="92851">
    <groups>
    </groups>
    <test started-at="2024-07-09T14:09:23 IST" name="TestName" finished-at="2024-07-09T14:10:55 IST" duration-ms="92851">
      <class name="TestCases.TC02_Search_Product">
        <test-method signature="tc02()[pri:0, instance:TestCases.TC02_Search_Product@7b9a4292]" started-at="2024-07-09T14:10:06 IST" name="tc02" finished-at="2024-07-09T14:10:30 IST" duration-ms="24152" status="PASS">
          <reporter-output>
            <line>
              <![CDATA[Application Opened]]>
            </line>
            <line>
              <![CDATA[Login Completed]]>
            </line>
            <line>
              <![CDATA[Assertion Attempted]]>
            </line>
            <line>
              <![CDATA[Product Located]]>
            </line>
            <line>
              <![CDATA[Logged out from the Application]]>
            </line>
            <line>
              <![CDATA[Application Closed]]>
            </line>
          </reporter-output>
        </test-method> <!-- tc02 -->
      </class> <!-- TestCases.TC02_Search_Product -->
      <class name="TestCases.TC03_CheckOut">
        <test-method signature="tc03Checkout()[pri:0, instance:TestCases.TC03_CheckOut@4a94ee4]" started-at="2024-07-09T14:10:30 IST" name="tc03Checkout" finished-at="2024-07-09T14:10:55 IST" duration-ms="24953" status="PASS">
          <reporter-output>
            <line>
              <![CDATA[Application Opened]]>
            </line>
            <line>
              <![CDATA[Login Completed]]>
            </line>
            <line>
              <![CDATA[Assertion Attempted]]>
            </line>
            <line>
              <![CDATA[Product Located]]>
            </line>
            <line>
              <![CDATA[Added to Cart]]>
            </line>
            <line>
              <![CDATA[Clicked on Cart icon]]>
            </line>
            <line>
              <![CDATA[Clicked on Checkout Button]]>
            </line>
            <line>
              <![CDATA[Entered First Name]]>
            </line>
            <line>
              <![CDATA[Entered Last Name]]>
            </line>
            <line>
              <![CDATA[Entered PIN Code]]>
            </line>
            <line>
              <![CDATA[Clicked on Continue Button]]>
            </line>
            <line>
              <![CDATA[Assertion attempted]]>
            </line>
            <line>
              <![CDATA[Clicked on Finish Button]]>
            </line>
            <line>
              <![CDATA[Logged out from the Application]]>
            </line>
            <line>
              <![CDATA[Application Closed]]>
            </line>
          </reporter-output>
        </test-method> <!-- tc03Checkout -->
      </class> <!-- TestCases.TC03_CheckOut -->
      <class name="TestCases.TC01_Login">
        <test-method signature="tc001()[pri:0, instance:TestCases.TC01_Login@47af7f3d]" started-at="2024-07-09T14:09:23 IST" name="tc001" finished-at="2024-07-09T14:10:06 IST" duration-ms="43662" status="PASS">
          <reporter-output>
            <line>
              <![CDATA[Application Opened]]>
            </line>
            <line>
              <![CDATA[Login Completed]]>
            </line>
            <line>
              <![CDATA[Logged out from the Application]]>
            </line>
            <line>
              <![CDATA[Application Closed]]>
            </line>
          </reporter-output>
        </test-method> <!-- tc001 -->
      </class> <!-- TestCases.TC01_Login -->
    </test> <!-- TestName -->
  </suite> <!-- SuiteName -->
</testng-results>
