<?xml version="1.0" encoding="UTF-8"?>
<testng-results ignored="0" total="1" passed="1" failed="0" skipped="0">
  <reporter-output>
    <line>
      <![CDATA[Application Opened]]>
    </line>
    <line>
      <![CDATA[Login Completed]]>
    </line>
    <line>
      <![CDATA[Assertion Attempted]]>
    </line>
    <line>
      <![CDATA[Product Located]]>
    </line>
    <line>
      <![CDATA[Added to Cart]]>
    </line>
    <line>
      <![CDATA[Clicked on Cart icon]]>
    </line>
    <line>
      <![CDATA[Clicked on Checkout Button]]>
    </line>
    <line>
      <![CDATA[Entered First Name]]>
    </line>
    <line>
      <![CDATA[Entered Last Name]]>
    </line>
    <line>
      <![CDATA[Entered PIN Code]]>
    </line>
    <line>
      <![CDATA[Clicked on Continue Button]]>
    </line>
    <line>
      <![CDATA[Assertion attempted]]>
    </line>
    <line>
      <![CDATA[Clicked on Finish Button]]>
    </line>
    <line>
      <![CDATA[Logged out from the Application]]>
    </line>
    <line>
      <![CDATA[Application Closed]]>
    </line>
  </reporter-output>
  <suite started-at="2024-07-09T12:12:23 IST" name="Default suite" finished-at="2024-07-09T12:12:52 IST" duration-ms="28456">
    <groups>
    </groups>
    <test started-at="2024-07-09T12:12:23 IST" name="Default test" finished-at="2024-07-09T12:12:52 IST" duration-ms="28456">
      <class name="TestCases.TC03_CheckOut">
        <test-method signature="tc03Checkout()[pri:0, instance:TestCases.TC03_CheckOut@4d9e68d0]" started-at="2024-07-09T12:12:23 IST" name="tc03Checkout" finished-at="2024-07-09T12:12:52 IST" duration-ms="28398" status="PASS">
          <reporter-output>
            <line>
              <![CDATA[Application Opened]]>
            </line>
            <line>
              <![CDATA[Login Completed]]>
            </line>
            <line>
              <![CDATA[Assertion Attempted]]>
            </line>
            <line>
              <![CDATA[Product Located]]>
            </line>
            <line>
              <![CDATA[Added to Cart]]>
            </line>
            <line>
              <![CDATA[Clicked on Cart icon]]>
            </line>
            <line>
              <![CDATA[Clicked on Checkout Button]]>
            </line>
            <line>
              <![CDATA[Entered First Name]]>
            </line>
            <line>
              <![CDATA[Entered Last Name]]>
            </line>
            <line>
              <![CDATA[Entered PIN Code]]>
            </line>
            <line>
              <![CDATA[Clicked on Continue Button]]>
            </line>
            <line>
              <![CDATA[Assertion attempted]]>
            </line>
            <line>
              <![CDATA[Clicked on Finish Button]]>
            </line>
            <line>
              <![CDATA[Logged out from the Application]]>
            </line>
            <line>
              <![CDATA[Application Closed]]>
            </line>
          </reporter-output>
        </test-method> <!-- tc03Checkout -->
      </class> <!-- TestCases.TC03_CheckOut -->
    </test> <!-- Default test -->
  </suite> <!-- Default suite -->
</testng-results>
