<?xml version="1.0" encoding="UTF-8"?>
<!-- Generated by org.testng.reporters.JUnitXMLReporter -->
<testsuite ignored="0" hostname="LAPTOP-R4J2S6L4" failures="0" tests="3" name="TestName" time="92.851" errors="0" timestamp="2024-07-09T14:10:55 IST">
  <testcase classname="TestCases.TC01_Login" name="tc001" time="43.662"/>
  <testcase classname="TestCases.TC02_Search_Product" name="tc02" time="24.152"/>
  <testcase classname="TestCases.TC03_CheckOut" name="tc03Checkout" time="24.953"/>
</testsuite> <!-- TestName -->
